<?xml version="1.0" encoding="UTF-8"?>
<testsuite xmlns:xsi="http://www.w3.org/2001/XMLSchema-instance" xsi:noNamespaceSchemaLocation="https://maven.apache.org/surefire/maven-surefire-plugin/xsd/surefire-test-report-3.0.xsd" version="3.0" name="ContactServiceTest" time="0.112" tests="5" errors="0" skipped="0" failures="0">
  <properties>
[...]
</properties>
  <testcase name="shouldMarkContactAsFavorite" classname="ContactServiceTest" time="0.042"/>
  <testcase name="schouldDeleteContact" classname="ContactServiceTest" time="0.002"/>
  <testcase name="shouldFindContactById" classname="ContactServiceTest" time="0.009"/>
  <testcase name="shouldToggleFavoriteTwice" classname="ContactServiceTest" time="0.001"/>
  <testcase name="schouldAddContact" classname="ContactServiceTest" time="0.002"/>
</testsuite>